  [1m[35m (2.8ms)[0m  [1m[35mCREATE TABLE "schema_migrations" ("version" varchar NOT NULL PRIMARY KEY)[0m
  [1m[35m (3.4ms)[0m  [1m[35mCREATE TABLE "ar_internal_metadata" ("key" varchar NOT NULL PRIMARY KEY, "value" varchar, "created_at" datetime(6) NOT NULL, "updated_at" datetime(6) NOT NULL)[0m
  [1m[36mActiveRecord::SchemaMigration Pluck (0.2ms)[0m  [1m[34mSELECT "schema_migrations"."version" FROM "schema_migrations" ORDER BY "schema_migrations"."version" ASC[0m
Migrating to CreateUsers (20230312062041)
  [1m[36mTRANSACTION (0.1ms)[0m  [1m[36mbegin transaction[0m
  [1m[35m (0.8ms)[0m  [1m[35mCREATE TABLE "users" ("id" integer PRIMARY KEY AUTOINCREMENT NOT NULL, "email" varchar, "password_digest" varchar, "created_at" datetime(6) NOT NULL, "updated_at" datetime(6) NOT NULL)[0m
  [1m[36mActiveRecord::SchemaMigration Create (0.2ms)[0m  [1m[32mINSERT INTO "schema_migrations" ("version") VALUES (?)[0m  [["version", "20230312062041"]]
  [1m[36mTRANSACTION (1.6ms)[0m  [1m[36mcommit transaction[0m
  [1m[36mActiveRecord::InternalMetadata Load (0.2ms)[0m  [1m[34mSELECT "ar_internal_metadata".* FROM "ar_internal_metadata" WHERE "ar_internal_metadata"."key" = ? LIMIT ?[0m  [["key", "environment"], ["LIMIT", 1]]
  [1m[36mTRANSACTION (0.0ms)[0m  [1m[36mbegin transaction[0m
  [1m[36mActiveRecord::InternalMetadata Create (0.8ms)[0m  [1m[32mINSERT INTO "ar_internal_metadata" ("key", "value", "created_at", "updated_at") VALUES (?, ?, ?, ?)[0m  [["key", "environment"], ["value", "development"], ["created_at", "2023-03-12 06:20:49.975260"], ["updated_at", "2023-03-12 06:20:49.975260"]]
  [1m[36mTRANSACTION (1.6ms)[0m  [1m[36mcommit transaction[0m
  [1m[36mActiveRecord::SchemaMigration Pluck (0.2ms)[0m  [1m[34mSELECT "schema_migrations"."version" FROM "schema_migrations" ORDER BY "schema_migrations"."version" ASC[0m
Started GET "/" for ::1 at 2023-03-12 11:26:50 +0500
  [1m[36mActiveRecord::SchemaMigration Pluck (0.3ms)[0m  [1m[34mSELECT "schema_migrations"."version" FROM "schema_migrations" ORDER BY "schema_migrations"."version" ASC[0m
Processing by Rails::WelcomeController#index as HTML
  Rendering D:/Ruby32-x64/lib/ruby/gems/3.2.0/gems/railties-7.0.4.2/lib/rails/templates/rails/welcome/index.html.erb
  Rendered D:/Ruby32-x64/lib/ruby/gems/3.2.0/gems/railties-7.0.4.2/lib/rails/templates/rails/welcome/index.html.erb (Duration: 21.2ms | Allocations: 665)
Completed 200 OK in 79ms (Views: 38.0ms | ActiveRecord: 0.0ms | Allocations: 5586)


Started POST "/register" for ::1 at 2023-03-12 11:27:09 +0500
Processing by UsersController#create as */*
Completed 422 Unprocessable Entity in 200ms (Views: 0.6ms | ActiveRecord: 0.8ms | Allocations: 8124)


Started POST "/register" for ::1 at 2023-03-12 11:27:34 +0500
Processing by UsersController#create as */*
  Parameters: {"user"=>{"email"=>"user@example.com", "password"=>"[FILTERED]"}}
[31mUnpermitted parameter: :user. Context: { controller: UsersController, action: create, request: #<ActionDispatch::Request:0x000001bfafcd3208>, params: {"user"=>{"email"=>"user@example.com", "password"=>"[FILTERED]"}, "controller"=>"users", "action"=>"create"} }[0m
Completed 422 Unprocessable Entity in 5ms (Views: 0.2ms | ActiveRecord: 0.0ms | Allocations: 732)


Started POST "/register" for ::1 at 2023-03-12 11:27:37 +0500
Processing by UsersController#create as */*
  Parameters: {"user"=>{"email"=>"user@example.com", "password"=>"[FILTERED]"}}
[31mUnpermitted parameter: :user. Context: { controller: UsersController, action: create, request: #<ActionDispatch::Request:0x000001bfafbce1a0>, params: {"user"=>{"email"=>"user@example.com", "password"=>"[FILTERED]"}, "controller"=>"users", "action"=>"create"} }[0m
Completed 422 Unprocessable Entity in 3ms (Views: 0.2ms | ActiveRecord: 0.0ms | Allocations: 710)


Started POST "/register" for ::1 at 2023-03-12 11:27:38 +0500
Processing by UsersController#create as */*
  Parameters: {"user"=>{"email"=>"user@example.com", "password"=>"[FILTERED]"}}
[31mUnpermitted parameter: :user. Context: { controller: UsersController, action: create, request: #<ActionDispatch::Request:0x000001bfafba2460>, params: {"user"=>{"email"=>"user@example.com", "password"=>"[FILTERED]"}, "controller"=>"users", "action"=>"create"} }[0m
Completed 422 Unprocessable Entity in 2ms (Views: 0.1ms | ActiveRecord: 0.0ms | Allocations: 717)


Started POST "/register" for ::1 at 2023-03-12 11:27:42 +0500
Processing by UsersController#create as */*
  Parameters: {"email"=>"user@example.com", "password"=>"[FILTERED]", "user"=>{"email"=>"user@example.com"}}
[31mUnpermitted parameter: :user. Context: { controller: UsersController, action: create, request: #<ActionDispatch::Request:0x000001bfae6596a8>, params: {"email"=>"user@example.com", "password"=>"[FILTERED]", "controller"=>"users", "action"=>"create", "user"=>{"email"=>"user@example.com"}} }[0m
  [1m[36mTRANSACTION (0.1ms)[0m  [1m[36mbegin transaction[0m
  ↳ app/controllers/users_controller.rb:5:in `create'
  [1m[36mUser Create (1.7ms)[0m  [1m[32mINSERT INTO "users" ("email", "password_digest", "created_at", "updated_at") VALUES (?, ?, ?, ?)[0m  [["email", "user@example.com"], ["password_digest", "[FILTERED]"], ["created_at", "2023-03-12 06:27:43.174566"], ["updated_at", "2023-03-12 06:27:43.174566"]]
  ↳ app/controllers/users_controller.rb:5:in `create'
  [1m[36mTRANSACTION (1.9ms)[0m  [1m[36mcommit transaction[0m
  ↳ app/controllers/users_controller.rb:5:in `create'
Completed 200 OK in 552ms (Views: 0.1ms | ActiveRecord: 3.7ms | Allocations: 2866)


Started GET "/me" for ::1 at 2023-03-12 11:28:54 +0500
Processing by UsersController#show as */*
Completed 500 Internal Server Error in 1ms (Allocations: 239)


  
NoMethodError (undefined method `email' for nil:NilClass):
  
app/controllers/users_controller.rb:14:in `show'
Started GET "/me" for ::1 at 2023-03-12 11:29:25 +0500
Processing by UsersController#show as JSON
Completed 500 Internal Server Error in 0ms (Allocations: 106)


  
NoMethodError (undefined method `email' for nil:NilClass):
  
app/controllers/users_controller.rb:14:in `show'
Started GET "/me" for ::1 at 2023-03-12 11:29:41 +0500
Processing by UsersController#show as JSON
Completed 500 Internal Server Error in 0ms (Allocations: 167)


  
NoMethodError (undefined method `email' for nil:NilClass):
  
app/controllers/users_controller.rb:14:in `show'
Started GET "/me" for ::1 at 2023-03-12 11:29:42 +0500
Processing by UsersController#show as JSON
Completed 500 Internal Server Error in 0ms (Allocations: 133)


  
NoMethodError (undefined method `email' for nil:NilClass):
  
app/controllers/users_controller.rb:14:in `show'
Started POST "/login" for ::1 at 2023-03-12 11:30:55 +0500
Processing by SessionsController#create as */*
  [1m[36mUser Load (0.2ms)[0m  [1m[34mSELECT "users".* FROM "users" WHERE "users"."email" IS NULL LIMIT ?[0m  [["LIMIT", 1]]
  ↳ app/controllers/sessions_controller.rb:3:in `create'
Completed 422 Unprocessable Entity in 10ms (Views: 0.4ms | ActiveRecord: 0.8ms | Allocations: 2428)


Started POST "/login" for ::1 at 2023-03-12 11:31:08 +0500
Processing by SessionsController#create as */*
  Parameters: {"email"=>"user@example.com", "password"=>"[FILTERED]", "session"=>{"email"=>"user@example.com", "password"=>"[FILTERED]"}}
  [1m[36mUser Load (0.2ms)[0m  [1m[34mSELECT "users".* FROM "users" WHERE "users"."email" = ? LIMIT ?[0m  [["email", "user@example.com"], ["LIMIT", 1]]
  ↳ app/controllers/sessions_controller.rb:3:in `create'
Completed 200 OK in 236ms (Views: 0.2ms | ActiveRecord: 0.6ms | Allocations: 2169)


Started POST "/login" for ::1 at 2023-03-12 11:31:14 +0500
Processing by SessionsController#create as */*
  Parameters: {"email"=>"user@example.com", "password"=>"[FILTERED]", "session"=>{"email"=>"user@example.com", "password"=>"[FILTERED]"}}
  [1m[36mUser Load (0.2ms)[0m  [1m[34mSELECT "users".* FROM "users" WHERE "users"."email" = ? LIMIT ?[0m  [["email", "user@example.com"], ["LIMIT", 1]]
  ↳ app/controllers/sessions_controller.rb:3:in `create'
Completed 200 OK in 234ms (Views: 0.2ms | ActiveRecord: 0.2ms | Allocations: 661)


Started POST "/login" for ::1 at 2023-03-12 11:31:16 +0500
Processing by SessionsController#create as */*
  Parameters: {"email"=>"user@example.com", "password"=>"[FILTERED]", "session"=>{"email"=>"user@example.com", "password"=>"[FILTERED]"}}
  [1m[36mUser Load (0.2ms)[0m  [1m[34mSELECT "users".* FROM "users" WHERE "users"."email" = ? LIMIT ?[0m  [["email", "user@example.com"], ["LIMIT", 1]]
  ↳ app/controllers/sessions_controller.rb:3:in `create'
Completed 200 OK in 236ms (Views: 0.1ms | ActiveRecord: 0.2ms | Allocations: 665)


Started GET "/me" for ::1 at 2023-03-12 11:32:03 +0500
Processing by UsersController#show as JSON
Completed 500 Internal Server Error in 0ms (ActiveRecord: 0.0ms | Allocations: 136)


  
NoMethodError (undefined method `email' for nil:NilClass):
  
app/controllers/users_controller.rb:14:in `show'
Started GET "/me" for ::1 at 2023-03-12 11:32:04 +0500
Processing by UsersController#show as JSON
Completed 500 Internal Server Error in 0ms (ActiveRecord: 0.0ms | Allocations: 133)


  
NoMethodError (undefined method `email' for nil:NilClass):
  
app/controllers/users_controller.rb:14:in `show'
Started GET "/me" for ::1 at 2023-03-12 11:32:05 +0500
Processing by UsersController#show as JSON
Completed 500 Internal Server Error in 0ms (ActiveRecord: 0.0ms | Allocations: 133)


  
NoMethodError (undefined method `email' for nil:NilClass):
  
app/controllers/users_controller.rb:14:in `show'
Started POST "/login" for ::1 at 2023-03-12 11:32:17 +0500
Processing by SessionsController#create as */*
  Parameters: {"email"=>"user@example.com", "password"=>"[FILTERED]", "session"=>{"email"=>"user@example.com", "password"=>"[FILTERED]"}}
  [1m[36mUser Load (0.2ms)[0m  [1m[34mSELECT "users".* FROM "users" WHERE "users"."email" = ? LIMIT ?[0m  [["email", "user@example.com"], ["LIMIT", 1]]
  ↳ app/controllers/sessions_controller.rb:3:in `create'
Completed 200 OK in 237ms (Views: 0.2ms | ActiveRecord: 0.2ms | Allocations: 661)


Started GET "/me" for ::1 at 2023-03-12 11:32:29 +0500
Processing by UsersController#show as JSON
Completed 500 Internal Server Error in 0ms (ActiveRecord: 0.0ms | Allocations: 133)


  
NoMethodError (undefined method `email' for nil:NilClass):
  
app/controllers/users_controller.rb:14:in `show'
Started GET "/me" for ::1 at 2023-03-12 11:32:30 +0500
Processing by UsersController#show as JSON
Completed 500 Internal Server Error in 1ms (ActiveRecord: 0.0ms | Allocations: 133)


  
NoMethodError (undefined method `email' for nil:NilClass):
  
app/controllers/users_controller.rb:14:in `show'
Started GET "/me" for ::1 at 2023-03-12 11:32:31 +0500
Processing by UsersController#show as JSON
Completed 500 Internal Server Error in 0ms (ActiveRecord: 0.0ms | Allocations: 133)


  
NoMethodError (undefined method `email' for nil:NilClass):
  
app/controllers/users_controller.rb:14:in `show'
Started GET "/me" for ::1 at 2023-03-12 11:35:02 +0500
Processing by UsersController#show as JSON
Completed 404 Not Found in 1ms (Views: 0.2ms | Allocations: 220)


Started POST "/register" for ::1 at 2023-03-12 11:37:46 +0500
  [1m[36mActiveRecord::SchemaMigration Pluck (0.4ms)[0m  [1m[34mSELECT "schema_migrations"."version" FROM "schema_migrations" ORDER BY "schema_migrations"."version" ASC[0m
Processing by UsersController#create as */*
  Parameters: {"email"=>"user2@example.com", "password"=>"[FILTERED]", "user"=>{"email"=>"user2@example.com"}}
[31mUnpermitted parameter: :user. Context: { controller: UsersController, action: create, request: #<ActionDispatch::Request:0x00000263a1f6d040>, params: {"email"=>"user2@example.com", "password"=>"[FILTERED]", "controller"=>"users", "action"=>"create", "user"=>{"email"=>"user2@example.com"}} }[0m
  [1m[36mTRANSACTION (0.1ms)[0m  [1m[36mbegin transaction[0m
  ↳ app/controllers/users_controller.rb:5:in `create'
  [1m[36mUser Create (2.0ms)[0m  [1m[32mINSERT INTO "users" ("email", "password_digest", "created_at", "updated_at") VALUES (?, ?, ?, ?)[0m  [["email", "user2@example.com"], ["password_digest", "[FILTERED]"], ["created_at", "2023-03-12 06:37:46.783719"], ["updated_at", "2023-03-12 06:37:46.783719"]]
  ↳ app/controllers/users_controller.rb:5:in `create'
  [1m[36mTRANSACTION (3.4ms)[0m  [1m[36mcommit transaction[0m
  ↳ app/controllers/users_controller.rb:5:in `create'
Completed 500 Internal Server Error in 451ms (ActiveRecord: 7.4ms | Allocations: 8807)


  
NoMethodError (undefined method `encode_token' for #<UsersController:0x00000000008458>):
  
app/controllers/users_controller.rb:6:in `create'
Started POST "/register" for ::1 at 2023-03-12 11:38:51 +0500
  [1m[36mActiveRecord::SchemaMigration Pluck (0.3ms)[0m  [1m[34mSELECT "schema_migrations"."version" FROM "schema_migrations" ORDER BY "schema_migrations"."version" ASC[0m
Processing by UsersController#create as */*
  Parameters: {"email"=>"user3@example.com", "password"=>"[FILTERED]", "user"=>{"email"=>"user3@example.com"}}
Completed 422 Unprocessable Entity in 202ms (Views: 0.8ms | ActiveRecord: 2.9ms | Allocations: 8104)


Started POST "/register" for ::1 at 2023-03-12 11:39:06 +0500
Processing by UsersController#create as */*
  Parameters: {"user"=>{"email"=>"user3@example.com", "password"=>"[FILTERED]"}}
  [1m[36mTRANSACTION (0.1ms)[0m  [1m[36mbegin transaction[0m
  ↳ app/controllers/users_controller.rb:7:in `create'
  [1m[36mUser Create (2.0ms)[0m  [1m[32mINSERT INTO "users" ("email", "password_digest", "created_at", "updated_at") VALUES (?, ?, ?, ?)[0m  [["email", "user3@example.com"], ["password_digest", "[FILTERED]"], ["created_at", "2023-03-12 06:39:07.149043"], ["updated_at", "2023-03-12 06:39:07.149043"]]
  ↳ app/controllers/users_controller.rb:7:in `create'
  [1m[36mTRANSACTION (2.3ms)[0m  [1m[36mcommit transaction[0m
  ↳ app/controllers/users_controller.rb:7:in `create'
Completed 201 Created in 258ms (Views: 0.2ms | ActiveRecord: 4.4ms | Allocations: 2928)


Started POST "/register" for ::1 at 2023-03-12 11:39:25 +0500
Processing by UsersController#create as */*
  Parameters: {"user"=>{"email"=>"user3s@example.com", "password"=>"[FILTERED]"}}
  [1m[36mTRANSACTION (0.1ms)[0m  [1m[36mbegin transaction[0m
  ↳ app/controllers/users_controller.rb:7:in `create'
  [1m[36mUser Create (1.6ms)[0m  [1m[32mINSERT INTO "users" ("email", "password_digest", "created_at", "updated_at") VALUES (?, ?, ?, ?)[0m  [["email", "user3s@example.com"], ["password_digest", "[FILTERED]"], ["created_at", "2023-03-12 06:39:27.264883"], ["updated_at", "2023-03-12 06:39:27.264883"]]
  ↳ app/controllers/users_controller.rb:7:in `create'
  [1m[36mTRANSACTION (2.4ms)[0m  [1m[36mcommit transaction[0m
  ↳ app/controllers/users_controller.rb:7:in `create'
Completed 201 Created in 247ms (Views: 0.4ms | ActiveRecord: 4.9ms | Allocations: 4197)


Started POST "/login" for ::1 at 2023-03-12 11:41:01 +0500
Processing by SessionsController#login as */*
  Parameters: {"email"=>"user@example.com", "password"=>"[FILTERED]", "session"=>{"email"=>"user@example.com", "password"=>"[FILTERED]"}}
Completed 500 Internal Server Error in 1ms (Allocations: 257)


  
NameError (uninitialized constant JwtService::ExceptionHandler):
  
app/services/jwt_service.rb:16:in `rescue in decode'
app/services/jwt_service.rb:12:in `decode'
app/controllers/application_controller.rb:12:in `authorize_request'
Started POST "/login" for ::1 at 2023-03-12 11:41:25 +0500
Processing by SessionsController#login as */*
  Parameters: {"email"=>"user3@example.com", "password"=>"[FILTERED]", "session"=>{"email"=>"user3@example.com", "password"=>"[FILTERED]"}}
Completed 500 Internal Server Error in 0ms (Allocations: 95)


  
NameError (uninitialized constant JwtService::ExceptionHandler):
  
app/services/jwt_service.rb:16:in `rescue in decode'
app/services/jwt_service.rb:12:in `decode'
app/controllers/application_controller.rb:12:in `authorize_request'
Started POST "/login" for ::1 at 2023-03-12 11:42:21 +0500
Processing by SessionsController#login as */*
  Parameters: {"email"=>"user3@example.com", "password"=>"[FILTERED]", "session"=>{"email"=>"user3@example.com", "password"=>"[FILTERED]"}}
Completed 500 Internal Server Error in 9ms (Allocations: 469)


  
NameError (uninitialized constant ExceptionHandler::InvalidToken):
  
app/services/jwt_service.rb:16:in `rescue in decode'
app/services/jwt_service.rb:12:in `decode'
app/controllers/application_controller.rb:12:in `authorize_request'
Started POST "/login" for ::1 at 2023-03-12 11:42:33 +0500
  [1m[36mActiveRecord::SchemaMigration Pluck (0.2ms)[0m  [1m[34mSELECT "schema_migrations"."version" FROM "schema_migrations" ORDER BY "schema_migrations"."version" ASC[0m
Processing by SessionsController#login as */*
  Parameters: {"email"=>"user3@example.com", "password"=>"[FILTERED]", "session"=>{"email"=>"user3@example.com", "password"=>"[FILTERED]"}}
Completed 500 Internal Server Error in 2ms (ActiveRecord: 0.0ms | Allocations: 362)


  
NameError (uninitialized constant ExceptionHandler::InvalidToken):
  
app/services/jwt_service.rb:16:in `rescue in decode'
app/services/jwt_service.rb:12:in `decode'
app/controllers/application_controller.rb:12:in `authorize_request'
Started POST "/login" for ::1 at 2023-03-12 11:43:57 +0500
  [1m[36mActiveRecord::SchemaMigration Pluck (0.2ms)[0m  [1m[34mSELECT "schema_migrations"."version" FROM "schema_migrations" ORDER BY "schema_migrations"."version" ASC[0m
Processing by SessionsController#login as */*
  Parameters: {"email"=>"user3@example.com", "password"=>"[FILTERED]", "session"=>{"email"=>"user3@example.com", "password"=>"[FILTERED]"}}
Filter chain halted as :authorize_request rendered or redirected
Completed 401 Unauthorized in 4ms (Views: 0.2ms | ActiveRecord: 0.0ms | Allocations: 595)


Started POST "/login" for ::1 at 2023-03-12 11:44:44 +0500
Processing by SessionsController#login as */*
  Parameters: {"email"=>"user3@example.com", "password"=>"[FILTERED]", "session"=>{"email"=>"user3@example.com", "password"=>"[FILTERED]"}}
  [1m[36mUser Load (0.2ms)[0m  [1m[34mSELECT "users".* FROM "users" WHERE "users"."email" = ? LIMIT ?[0m  [["email", "user3@example.com"], ["LIMIT", 1]]
  ↳ app/controllers/sessions_controller.rb:3:in `login'
Completed 200 OK in 268ms (Views: 0.2ms | ActiveRecord: 1.2ms | Allocations: 8521)


Started POST "/login" for ::1 at 2023-03-12 11:45:14 +0500
Processing by SessionsController#login as */*
  Parameters: {"email"=>"user3@example.com", "password"=>"[FILTERED]", "session"=>{"email"=>"user3@example.com", "password"=>"[FILTERED]"}}
  [1m[36mUser Load (0.2ms)[0m  [1m[34mSELECT "users".* FROM "users" WHERE "users"."email" = ? LIMIT ?[0m  [["email", "user3@example.com"], ["LIMIT", 1]]
  ↳ app/controllers/sessions_controller.rb:4:in `login'
Completed 200 OK in 239ms (Views: 0.6ms | ActiveRecord: 1.4ms | Allocations: 3334)


Started POST "/login" for ::1 at 2023-03-12 11:45:30 +0500
Processing by SessionsController#login as */*
  Parameters: {"email"=>"user3@example.com", "password"=>"[FILTERED]", "session"=>{"email"=>"user3@example.com", "password"=>"[FILTERED]"}}
  [1m[36mUser Load (0.1ms)[0m  [1m[34mSELECT "users".* FROM "users" WHERE "users"."email" = ? LIMIT ?[0m  [["email", "user3@example.com"], ["LIMIT", 1]]
  ↳ app/controllers/sessions_controller.rb:4:in `login'
Completed 200 OK in 241ms (Views: 0.6ms | ActiveRecord: 1.1ms | Allocations: 3567)


Started GET "/" for ::1 at 2023-03-12 11:46:08 +0500
  [1m[35m (3.6ms)[0m  [1m[35mCREATE TABLE "schema_migrations" ("version" varchar NOT NULL PRIMARY KEY)[0m
  [1m[35m (3.2ms)[0m  [1m[35mCREATE TABLE "ar_internal_metadata" ("key" varchar NOT NULL PRIMARY KEY, "value" varchar, "created_at" datetime(6) NOT NULL, "updated_at" datetime(6) NOT NULL)[0m
  [1m[36mActiveRecord::SchemaMigration Pluck (0.2ms)[0m  [1m[34mSELECT "schema_migrations"."version" FROM "schema_migrations" ORDER BY "schema_migrations"."version" ASC[0m
  
ActiveRecord::PendingMigrationError (

Migrations are pending. To resolve this issue, run:

        bin/rails db:migrate RAILS_ENV=development

You have 1 pending migration:

20230312062041_create_users.rb


):
  
activerecord (7.0.4.2) lib/active_record/migration.rb:627:in `check_pending!'
activerecord (7.0.4.2) lib/active_record/migration.rb:592:in `block (2 levels) in call'
activesupport (7.0.4.2) lib/active_support/file_update_checker.rb:83:in `execute'
activerecord (7.0.4.2) lib/active_record/migration.rb:597:in `block in call'
activerecord (7.0.4.2) lib/active_record/migration.rb:589:in `synchronize'
activerecord (7.0.4.2) lib/active_record/migration.rb:589:in `call'
actionpack (7.0.4.2) lib/action_dispatch/middleware/callbacks.rb:27:in `block in call'
activesupport (7.0.4.2) lib/active_support/callbacks.rb:99:in `run_callbacks'
actionpack (7.0.4.2) lib/action_dispatch/middleware/callbacks.rb:26:in `call'
actionpack (7.0.4.2) lib/action_dispatch/middleware/executor.rb:14:in `call'
actionpack (7.0.4.2) lib/action_dispatch/middleware/actionable_exceptions.rb:17:in `call'
actionpack (7.0.4.2) lib/action_dispatch/middleware/debug_exceptions.rb:28:in `call'
actionpack (7.0.4.2) lib/action_dispatch/middleware/show_exceptions.rb:26:in `call'
railties (7.0.4.2) lib/rails/rack/logger.rb:40:in `call_app'
railties (7.0.4.2) lib/rails/rack/logger.rb:25:in `block in call'
activesupport (7.0.4.2) lib/active_support/tagged_logging.rb:99:in `block in tagged'
activesupport (7.0.4.2) lib/active_support/tagged_logging.rb:37:in `tagged'
activesupport (7.0.4.2) lib/active_support/tagged_logging.rb:99:in `tagged'
railties (7.0.4.2) lib/rails/rack/logger.rb:25:in `call'
actionpack (7.0.4.2) lib/action_dispatch/middleware/remote_ip.rb:93:in `call'
actionpack (7.0.4.2) lib/action_dispatch/middleware/request_id.rb:26:in `call'
rack (2.2.6.3) lib/rack/runtime.rb:22:in `call'
activesupport (7.0.4.2) lib/active_support/cache/strategy/local_cache_middleware.rb:29:in `call'
actionpack (7.0.4.2) lib/action_dispatch/middleware/server_timing.rb:61:in `block in call'
actionpack (7.0.4.2) lib/action_dispatch/middleware/server_timing.rb:26:in `collect_events'
actionpack (7.0.4.2) lib/action_dispatch/middleware/server_timing.rb:60:in `call'
actionpack (7.0.4.2) lib/action_dispatch/middleware/executor.rb:14:in `call'
actionpack (7.0.4.2) lib/action_dispatch/middleware/static.rb:23:in `call'
rack (2.2.6.3) lib/rack/sendfile.rb:110:in `call'
actionpack (7.0.4.2) lib/action_dispatch/middleware/host_authorization.rb:137:in `call'
railties (7.0.4.2) lib/rails/engine.rb:530:in `call'
puma (5.6.5) lib/puma/configuration.rb:252:in `call'
puma (5.6.5) lib/puma/request.rb:77:in `block in handle_request'
puma (5.6.5) lib/puma/thread_pool.rb:340:in `with_force_shutdown'
puma (5.6.5) lib/puma/request.rb:76:in `handle_request'
puma (5.6.5) lib/puma/server.rb:443:in `process_client'
puma (5.6.5) lib/puma/thread_pool.rb:147:in `block in spawn_thread'
Started GET "/favicon.ico" for ::1 at 2023-03-12 11:46:08 +0500
  [1m[36mActiveRecord::SchemaMigration Pluck (0.1ms)[0m  [1m[34mSELECT "schema_migrations"."version" FROM "schema_migrations" ORDER BY "schema_migrations"."version" ASC[0m
  [1m[36mCACHE ActiveRecord::SchemaMigration Pluck (0.0ms)[0m  [1m[34mSELECT "schema_migrations"."version" FROM "schema_migrations" ORDER BY "schema_migrations"."version" ASC[0m
  
ActiveRecord::PendingMigrationError (

Migrations are pending. To resolve this issue, run:

        bin/rails db:migrate RAILS_ENV=development

You have 1 pending migration:

20230312062041_create_users.rb


):
  
activerecord (7.0.4.2) lib/active_record/migration.rb:627:in `check_pending!'
activerecord (7.0.4.2) lib/active_record/migration.rb:592:in `block (2 levels) in call'
activesupport (7.0.4.2) lib/active_support/file_update_checker.rb:83:in `execute'
activerecord (7.0.4.2) lib/active_record/migration.rb:597:in `block in call'
activerecord (7.0.4.2) lib/active_record/migration.rb:589:in `synchronize'
activerecord (7.0.4.2) lib/active_record/migration.rb:589:in `call'
actionpack (7.0.4.2) lib/action_dispatch/middleware/callbacks.rb:27:in `block in call'
activesupport (7.0.4.2) lib/active_support/callbacks.rb:99:in `run_callbacks'
actionpack (7.0.4.2) lib/action_dispatch/middleware/callbacks.rb:26:in `call'
actionpack (7.0.4.2) lib/action_dispatch/middleware/executor.rb:14:in `call'
actionpack (7.0.4.2) lib/action_dispatch/middleware/actionable_exceptions.rb:17:in `call'
actionpack (7.0.4.2) lib/action_dispatch/middleware/debug_exceptions.rb:28:in `call'
actionpack (7.0.4.2) lib/action_dispatch/middleware/show_exceptions.rb:26:in `call'
railties (7.0.4.2) lib/rails/rack/logger.rb:40:in `call_app'
railties (7.0.4.2) lib/rails/rack/logger.rb:25:in `block in call'
activesupport (7.0.4.2) lib/active_support/tagged_logging.rb:99:in `block in tagged'
activesupport (7.0.4.2) lib/active_support/tagged_logging.rb:37:in `tagged'
activesupport (7.0.4.2) lib/active_support/tagged_logging.rb:99:in `tagged'
railties (7.0.4.2) lib/rails/rack/logger.rb:25:in `call'
actionpack (7.0.4.2) lib/action_dispatch/middleware/remote_ip.rb:93:in `call'
actionpack (7.0.4.2) lib/action_dispatch/middleware/request_id.rb:26:in `call'
rack (2.2.6.3) lib/rack/runtime.rb:22:in `call'
activesupport (7.0.4.2) lib/active_support/cache/strategy/local_cache_middleware.rb:29:in `call'
actionpack (7.0.4.2) lib/action_dispatch/middleware/server_timing.rb:61:in `block in call'
actionpack (7.0.4.2) lib/action_dispatch/middleware/server_timing.rb:26:in `collect_events'
actionpack (7.0.4.2) lib/action_dispatch/middleware/server_timing.rb:60:in `call'
actionpack (7.0.4.2) lib/action_dispatch/middleware/executor.rb:14:in `call'
actionpack (7.0.4.2) lib/action_dispatch/middleware/static.rb:23:in `call'
rack (2.2.6.3) lib/rack/sendfile.rb:110:in `call'
actionpack (7.0.4.2) lib/action_dispatch/middleware/host_authorization.rb:137:in `call'
railties (7.0.4.2) lib/rails/engine.rb:530:in `call'
puma (5.6.5) lib/puma/configuration.rb:252:in `call'
puma (5.6.5) lib/puma/request.rb:77:in `block in handle_request'
puma (5.6.5) lib/puma/thread_pool.rb:340:in `with_force_shutdown'
puma (5.6.5) lib/puma/request.rb:76:in `handle_request'
puma (5.6.5) lib/puma/server.rb:443:in `process_client'
puma (5.6.5) lib/puma/thread_pool.rb:147:in `block in spawn_thread'
Started POST "/rails/actions" for ::1 at 2023-03-12 11:46:09 +0500
  [1m[36mActiveRecord::SchemaMigration Pluck (0.1ms)[0m  [1m[34mSELECT "schema_migrations"."version" FROM "schema_migrations" ORDER BY "schema_migrations"."version" ASC[0m
Migrating to CreateUsers (20230312062041)
  [1m[36mTRANSACTION (0.1ms)[0m  [1m[36mbegin transaction[0m
  [1m[35m (0.8ms)[0m  [1m[35mCREATE TABLE "users" ("id" integer PRIMARY KEY AUTOINCREMENT NOT NULL, "email" varchar, "password_digest" varchar, "created_at" datetime(6) NOT NULL, "updated_at" datetime(6) NOT NULL)[0m
  [1m[36mActiveRecord::SchemaMigration Create (0.2ms)[0m  [1m[32mINSERT INTO "schema_migrations" ("version") VALUES (?)[0m  [["version", "20230312062041"]]
  [1m[36mTRANSACTION (2.0ms)[0m  [1m[36mcommit transaction[0m
  [1m[36mActiveRecord::InternalMetadata Load (0.2ms)[0m  [1m[34mSELECT "ar_internal_metadata".* FROM "ar_internal_metadata" WHERE "ar_internal_metadata"."key" = ? LIMIT ?[0m  [["key", "environment"], ["LIMIT", 1]]
  [1m[36mTRANSACTION (0.1ms)[0m  [1m[36mbegin transaction[0m
  [1m[36mActiveRecord::InternalMetadata Create (0.9ms)[0m  [1m[32mINSERT INTO "ar_internal_metadata" ("key", "value", "created_at", "updated_at") VALUES (?, ?, ?, ?)[0m  [["key", "environment"], ["value", "development"], ["created_at", "2023-03-12 06:46:09.980802"], ["updated_at", "2023-03-12 06:46:09.980802"]]
  [1m[36mTRANSACTION (2.1ms)[0m  [1m[36mcommit transaction[0m
  [1m[36mActiveRecord::SchemaMigration Pluck (0.2ms)[0m  [1m[34mSELECT "schema_migrations"."version" FROM "schema_migrations" ORDER BY "schema_migrations"."version" ASC[0m
Started GET "/" for ::1 at 2023-03-12 11:46:10 +0500
  [1m[36mActiveRecord::SchemaMigration Pluck (0.1ms)[0m  [1m[34mSELECT "schema_migrations"."version" FROM "schema_migrations" ORDER BY "schema_migrations"."version" ASC[0m
Processing by Rails::WelcomeController#index as HTML
  Rendering D:/Ruby32-x64/lib/ruby/gems/3.2.0/gems/railties-7.0.4.2/lib/rails/templates/rails/welcome/index.html.erb
  Rendered D:/Ruby32-x64/lib/ruby/gems/3.2.0/gems/railties-7.0.4.2/lib/rails/templates/rails/welcome/index.html.erb (Duration: 0.8ms | Allocations: 266)
Completed 200 OK in 8ms (Views: 2.5ms | ActiveRecord: 0.0ms | Allocations: 1963)


Started POST "/register" for ::1 at 2023-03-12 11:46:13 +0500
Processing by UsersController#create as */*
  Parameters: {"user"=>{"email"=>"users@example.com", "password"=>"[FILTERED]"}}
  [1m[36mTRANSACTION (0.1ms)[0m  [1m[36mbegin transaction[0m
  ↳ app/controllers/users_controller.rb:7:in `create'
  [1m[36mUser Create (1.8ms)[0m  [1m[32mINSERT INTO "users" ("email", "password_digest", "created_at", "updated_at") VALUES (?, ?, ?, ?)[0m  [["email", "users@example.com"], ["password_digest", "[FILTERED]"], ["created_at", "2023-03-12 06:46:14.171458"], ["updated_at", "2023-03-12 06:46:14.171458"]]
  ↳ app/controllers/users_controller.rb:7:in `create'
  [1m[36mTRANSACTION (1.8ms)[0m  [1m[36mcommit transaction[0m
  ↳ app/controllers/users_controller.rb:7:in `create'
Completed 201 Created in 250ms (Views: 0.6ms | ActiveRecord: 4.2ms | Allocations: 5503)


Started POST "/login" for ::1 at 2023-03-12 11:46:22 +0500
Processing by SessionsController#login as */*
  Parameters: {"email"=>"user@example.com", "password"=>"[FILTERED]", "session"=>{"email"=>"user@example.com", "password"=>"[FILTERED]"}}
  [1m[36mUser Load (0.2ms)[0m  [1m[34mSELECT "users".* FROM "users" WHERE "users"."email" = ? LIMIT ?[0m  [["email", "user@example.com"], ["LIMIT", 1]]
  ↳ app/controllers/sessions_controller.rb:4:in `login'
Completed 401 Unauthorized in 3ms (Views: 0.2ms | ActiveRecord: 0.2ms | Allocations: 883)


Started POST "/login" for ::1 at 2023-03-12 11:46:27 +0500
Processing by SessionsController#login as */*
  Parameters: {"email"=>"users@example.com", "password"=>"[FILTERED]", "session"=>{"email"=>"users@example.com", "password"=>"[FILTERED]"}}
  [1m[36mUser Load (0.2ms)[0m  [1m[34mSELECT "users".* FROM "users" WHERE "users"."email" = ? LIMIT ?[0m  [["email", "users@example.com"], ["LIMIT", 1]]
  ↳ app/controllers/sessions_controller.rb:4:in `login'
Completed 200 OK in 235ms (Views: 0.4ms | ActiveRecord: 0.2ms | Allocations: 820)


Started GET "/me" for ::1 at 2023-03-12 11:47:18 +0500
  [1m[36mActiveRecord::SchemaMigration Pluck (0.2ms)[0m  [1m[34mSELECT "schema_migrations"."version" FROM "schema_migrations" ORDER BY "schema_migrations"."version" ASC[0m
Processing by UsersController#me as JSON
Filter chain halted as :authorize_request rendered or redirected
Completed 401 Unauthorized in 121ms (Views: 0.2ms | ActiveRecord: 0.0ms | Allocations: 677)


Started GET "/me" for ::1 at 2023-03-12 11:47:20 +0500
Processing by UsersController#me as JSON
Filter chain halted as :authorize_request rendered or redirected
Completed 401 Unauthorized in 1ms (Views: 0.1ms | ActiveRecord: 0.0ms | Allocations: 142)


Started GET "/me" for ::1 at 2023-03-12 11:47:21 +0500
Processing by UsersController#me as JSON
Filter chain halted as :authorize_request rendered or redirected
Completed 401 Unauthorized in 1ms (Views: 0.1ms | ActiveRecord: 0.0ms | Allocations: 142)


Started GET "/me" for ::1 at 2023-03-12 11:47:23 +0500
Processing by UsersController#me as JSON
Filter chain halted as :authorize_request rendered or redirected
Completed 401 Unauthorized in 1ms (Views: 0.2ms | ActiveRecord: 0.0ms | Allocations: 142)


Started GET "/me" for ::1 at 2023-03-12 11:47:24 +0500
Processing by UsersController#me as JSON
Filter chain halted as :authorize_request rendered or redirected
Completed 401 Unauthorized in 1ms (Views: 0.2ms | ActiveRecord: 0.0ms | Allocations: 142)


Started GET "/me" for ::1 at 2023-03-12 11:47:24 +0500
Processing by UsersController#me as JSON
Filter chain halted as :authorize_request rendered or redirected
Completed 401 Unauthorized in 2ms (Views: 0.3ms | ActiveRecord: 0.0ms | Allocations: 141)


Started GET "/me" for ::1 at 2023-03-12 11:48:49 +0500
Processing by UsersController#me as JSON
Filter chain halted as :authorize_request rendered or redirected
Completed 401 Unauthorized in 1ms (Views: 0.2ms | ActiveRecord: 0.0ms | Allocations: 141)


Started GET "/me" for ::1 at 2023-03-12 11:49:07 +0500
Processing by UsersController#me as JSON
  [1m[36mUser Load (0.1ms)[0m  [1m[34mSELECT "users".* FROM "users" WHERE "users"."id" = ? LIMIT ?[0m  [["id", 1], ["LIMIT", 1]]
  ↳ app/controllers/application_controller.rb:12:in `authorize_request'
Completed 500 Internal Server Error in 187ms (Views: 0.1ms | ActiveRecord: 0.9ms | Allocations: 16388)


Started GET "/me" for ::1 at 2023-03-12 11:50:14 +0500
  [1m[36mActiveRecord::SchemaMigration Pluck (0.2ms)[0m  [1m[34mSELECT "schema_migrations"."version" FROM "schema_migrations" ORDER BY "schema_migrations"."version" ASC[0m
Processing by UsersController#me as JSON
  [1m[36mUser Load (0.2ms)[0m  [1m[34mSELECT "users".* FROM "users" WHERE "users"."id" = ? LIMIT ?[0m  [["id", 1], ["LIMIT", 1]]
  ↳ app/controllers/application_controller.rb:14:in `authorize_request'
Completed 500 Internal Server Error in 41ms (Views: 0.3ms | ActiveRecord: 1.0ms | Allocations: 8582)


Started GET "/me" for ::1 at 2023-03-12 11:51:32 +0500
  [1m[36mActiveRecord::SchemaMigration Pluck (0.2ms)[0m  [1m[34mSELECT "schema_migrations"."version" FROM "schema_migrations" ORDER BY "schema_migrations"."version" ASC[0m
Processing by UsersController#me as JSON
  [1m[36mUser Load (0.2ms)[0m  [1m[34mSELECT "users".* FROM "users" WHERE "users"."id" = ? LIMIT ?[0m  [["id", 1], ["LIMIT", 1]]
  ↳ app/controllers/application_controller.rb:14:in `authorize_request'
Completed 200 OK in 38ms (Views: 1.6ms | ActiveRecord: 1.1ms | Allocations: 8804)


Started GET "/me" for ::1 at 2023-03-12 11:51:45 +0500
Processing by UsersController#me as JSON
Filter chain halted as :authorize_request rendered or redirected
Completed 401 Unauthorized in 1ms (Views: 0.2ms | ActiveRecord: 0.0ms | Allocations: 134)


Started GET "/me" for ::1 at 2023-03-12 11:51:48 +0500
Processing by UsersController#me as JSON
  [1m[36mUser Load (0.3ms)[0m  [1m[34mSELECT "users".* FROM "users" WHERE "users"."id" = ? LIMIT ?[0m  [["id", 1], ["LIMIT", 1]]
  ↳ app/controllers/application_controller.rb:14:in `authorize_request'
Completed 200 OK in 4ms (Views: 0.8ms | ActiveRecord: 0.3ms | Allocations: 764)


Started DELETE "/logout" for ::1 at 2023-03-12 11:55:05 +0500
  
AbstractController::ActionNotFound (The action 'destroy' could not be found for SessionsController):
  
actionpack (7.0.4.2) lib/abstract_controller/base.rb:146:in `process'
actionpack (7.0.4.2) lib/action_controller/metal.rb:188:in `dispatch'
actionpack (7.0.4.2) lib/action_controller/metal.rb:251:in `dispatch'
actionpack (7.0.4.2) lib/action_dispatch/routing/route_set.rb:49:in `dispatch'
actionpack (7.0.4.2) lib/action_dispatch/routing/route_set.rb:32:in `serve'
actionpack (7.0.4.2) lib/action_dispatch/journey/router.rb:50:in `block in serve'
actionpack (7.0.4.2) lib/action_dispatch/journey/router.rb:32:in `each'
actionpack (7.0.4.2) lib/action_dispatch/journey/router.rb:32:in `serve'
actionpack (7.0.4.2) lib/action_dispatch/routing/route_set.rb:852:in `call'
rack (2.2.6.3) lib/rack/etag.rb:27:in `call'
rack (2.2.6.3) lib/rack/conditional_get.rb:40:in `call'
rack (2.2.6.3) lib/rack/head.rb:12:in `call'
activerecord (7.0.4.2) lib/active_record/migration.rb:603:in `call'
actionpack (7.0.4.2) lib/action_dispatch/middleware/callbacks.rb:27:in `block in call'
activesupport (7.0.4.2) lib/active_support/callbacks.rb:99:in `run_callbacks'
actionpack (7.0.4.2) lib/action_dispatch/middleware/callbacks.rb:26:in `call'
actionpack (7.0.4.2) lib/action_dispatch/middleware/executor.rb:14:in `call'
actionpack (7.0.4.2) lib/action_dispatch/middleware/actionable_exceptions.rb:17:in `call'
actionpack (7.0.4.2) lib/action_dispatch/middleware/debug_exceptions.rb:28:in `call'
actionpack (7.0.4.2) lib/action_dispatch/middleware/show_exceptions.rb:26:in `call'
railties (7.0.4.2) lib/rails/rack/logger.rb:40:in `call_app'
railties (7.0.4.2) lib/rails/rack/logger.rb:25:in `block in call'
activesupport (7.0.4.2) lib/active_support/tagged_logging.rb:99:in `block in tagged'
activesupport (7.0.4.2) lib/active_support/tagged_logging.rb:37:in `tagged'
activesupport (7.0.4.2) lib/active_support/tagged_logging.rb:99:in `tagged'
railties (7.0.4.2) lib/rails/rack/logger.rb:25:in `call'
actionpack (7.0.4.2) lib/action_dispatch/middleware/remote_ip.rb:93:in `call'
actionpack (7.0.4.2) lib/action_dispatch/middleware/request_id.rb:26:in `call'
rack (2.2.6.3) lib/rack/runtime.rb:22:in `call'
activesupport (7.0.4.2) lib/active_support/cache/strategy/local_cache_middleware.rb:29:in `call'
actionpack (7.0.4.2) lib/action_dispatch/middleware/server_timing.rb:61:in `block in call'
actionpack (7.0.4.2) lib/action_dispatch/middleware/server_timing.rb:26:in `collect_events'
actionpack (7.0.4.2) lib/action_dispatch/middleware/server_timing.rb:60:in `call'
actionpack (7.0.4.2) lib/action_dispatch/middleware/executor.rb:14:in `call'
actionpack (7.0.4.2) lib/action_dispatch/middleware/static.rb:23:in `call'
rack (2.2.6.3) lib/rack/sendfile.rb:110:in `call'
actionpack (7.0.4.2) lib/action_dispatch/middleware/host_authorization.rb:137:in `call'
railties (7.0.4.2) lib/rails/engine.rb:530:in `call'
puma (5.6.5) lib/puma/configuration.rb:252:in `call'
puma (5.6.5) lib/puma/request.rb:77:in `block in handle_request'
puma (5.6.5) lib/puma/thread_pool.rb:340:in `with_force_shutdown'
puma (5.6.5) lib/puma/request.rb:76:in `handle_request'
puma (5.6.5) lib/puma/server.rb:443:in `process_client'
puma (5.6.5) lib/puma/thread_pool.rb:147:in `block in spawn_thread'
Started DELETE "/logout" for ::1 at 2023-03-12 11:55:37 +0500
  [1m[36mActiveRecord::SchemaMigration Pluck (0.2ms)[0m  [1m[34mSELECT "schema_migrations"."version" FROM "schema_migrations" ORDER BY "schema_migrations"."version" ASC[0m
  
AbstractController::ActionNotFound (The action 'destroy' could not be found for SessionsController):
  
actionpack (7.0.4.2) lib/abstract_controller/base.rb:146:in `process'
actionpack (7.0.4.2) lib/action_controller/metal.rb:188:in `dispatch'
actionpack (7.0.4.2) lib/action_controller/metal.rb:251:in `dispatch'
actionpack (7.0.4.2) lib/action_dispatch/routing/route_set.rb:49:in `dispatch'
actionpack (7.0.4.2) lib/action_dispatch/routing/route_set.rb:32:in `serve'
actionpack (7.0.4.2) lib/action_dispatch/journey/router.rb:50:in `block in serve'
actionpack (7.0.4.2) lib/action_dispatch/journey/router.rb:32:in `each'
actionpack (7.0.4.2) lib/action_dispatch/journey/router.rb:32:in `serve'
actionpack (7.0.4.2) lib/action_dispatch/routing/route_set.rb:852:in `call'
rack (2.2.6.3) lib/rack/etag.rb:27:in `call'
rack (2.2.6.3) lib/rack/conditional_get.rb:40:in `call'
rack (2.2.6.3) lib/rack/head.rb:12:in `call'
activerecord (7.0.4.2) lib/active_record/migration.rb:603:in `call'
actionpack (7.0.4.2) lib/action_dispatch/middleware/callbacks.rb:27:in `block in call'
activesupport (7.0.4.2) lib/active_support/callbacks.rb:99:in `run_callbacks'
actionpack (7.0.4.2) lib/action_dispatch/middleware/callbacks.rb:26:in `call'
actionpack (7.0.4.2) lib/action_dispatch/middleware/executor.rb:14:in `call'
actionpack (7.0.4.2) lib/action_dispatch/middleware/actionable_exceptions.rb:17:in `call'
actionpack (7.0.4.2) lib/action_dispatch/middleware/debug_exceptions.rb:28:in `call'
actionpack (7.0.4.2) lib/action_dispatch/middleware/show_exceptions.rb:26:in `call'
railties (7.0.4.2) lib/rails/rack/logger.rb:40:in `call_app'
railties (7.0.4.2) lib/rails/rack/logger.rb:25:in `block in call'
activesupport (7.0.4.2) lib/active_support/tagged_logging.rb:99:in `block in tagged'
activesupport (7.0.4.2) lib/active_support/tagged_logging.rb:37:in `tagged'
activesupport (7.0.4.2) lib/active_support/tagged_logging.rb:99:in `tagged'
railties (7.0.4.2) lib/rails/rack/logger.rb:25:in `call'
actionpack (7.0.4.2) lib/action_dispatch/middleware/remote_ip.rb:93:in `call'
actionpack (7.0.4.2) lib/action_dispatch/middleware/request_id.rb:26:in `call'
rack (2.2.6.3) lib/rack/runtime.rb:22:in `call'
activesupport (7.0.4.2) lib/active_support/cache/strategy/local_cache_middleware.rb:29:in `call'
actionpack (7.0.4.2) lib/action_dispatch/middleware/server_timing.rb:61:in `block in call'
actionpack (7.0.4.2) lib/action_dispatch/middleware/server_timing.rb:26:in `collect_events'
actionpack (7.0.4.2) lib/action_dispatch/middleware/server_timing.rb:60:in `call'
actionpack (7.0.4.2) lib/action_dispatch/middleware/executor.rb:14:in `call'
actionpack (7.0.4.2) lib/action_dispatch/middleware/static.rb:23:in `call'
rack (2.2.6.3) lib/rack/sendfile.rb:110:in `call'
actionpack (7.0.4.2) lib/action_dispatch/middleware/host_authorization.rb:137:in `call'
railties (7.0.4.2) lib/rails/engine.rb:530:in `call'
puma (5.6.5) lib/puma/configuration.rb:252:in `call'
puma (5.6.5) lib/puma/request.rb:77:in `block in handle_request'
puma (5.6.5) lib/puma/thread_pool.rb:340:in `with_force_shutdown'
puma (5.6.5) lib/puma/request.rb:76:in `handle_request'
puma (5.6.5) lib/puma/server.rb:443:in `process_client'
puma (5.6.5) lib/puma/thread_pool.rb:147:in `block in spawn_thread'
Started DELETE "/logout" for ::1 at 2023-03-12 11:55:39 +0500
  
AbstractController::ActionNotFound (The action 'destroy' could not be found for SessionsController):
  
actionpack (7.0.4.2) lib/abstract_controller/base.rb:146:in `process'
actionpack (7.0.4.2) lib/action_controller/metal.rb:188:in `dispatch'
actionpack (7.0.4.2) lib/action_controller/metal.rb:251:in `dispatch'
actionpack (7.0.4.2) lib/action_dispatch/routing/route_set.rb:49:in `dispatch'
actionpack (7.0.4.2) lib/action_dispatch/routing/route_set.rb:32:in `serve'
actionpack (7.0.4.2) lib/action_dispatch/journey/router.rb:50:in `block in serve'
actionpack (7.0.4.2) lib/action_dispatch/journey/router.rb:32:in `each'
actionpack (7.0.4.2) lib/action_dispatch/journey/router.rb:32:in `serve'
actionpack (7.0.4.2) lib/action_dispatch/routing/route_set.rb:852:in `call'
rack (2.2.6.3) lib/rack/etag.rb:27:in `call'
rack (2.2.6.3) lib/rack/conditional_get.rb:40:in `call'
rack (2.2.6.3) lib/rack/head.rb:12:in `call'
activerecord (7.0.4.2) lib/active_record/migration.rb:603:in `call'
actionpack (7.0.4.2) lib/action_dispatch/middleware/callbacks.rb:27:in `block in call'
activesupport (7.0.4.2) lib/active_support/callbacks.rb:99:in `run_callbacks'
actionpack (7.0.4.2) lib/action_dispatch/middleware/callbacks.rb:26:in `call'
actionpack (7.0.4.2) lib/action_dispatch/middleware/executor.rb:14:in `call'
actionpack (7.0.4.2) lib/action_dispatch/middleware/actionable_exceptions.rb:17:in `call'
actionpack (7.0.4.2) lib/action_dispatch/middleware/debug_exceptions.rb:28:in `call'
actionpack (7.0.4.2) lib/action_dispatch/middleware/show_exceptions.rb:26:in `call'
railties (7.0.4.2) lib/rails/rack/logger.rb:40:in `call_app'
railties (7.0.4.2) lib/rails/rack/logger.rb:25:in `block in call'
activesupport (7.0.4.2) lib/active_support/tagged_logging.rb:99:in `block in tagged'
activesupport (7.0.4.2) lib/active_support/tagged_logging.rb:37:in `tagged'
activesupport (7.0.4.2) lib/active_support/tagged_logging.rb:99:in `tagged'
railties (7.0.4.2) lib/rails/rack/logger.rb:25:in `call'
actionpack (7.0.4.2) lib/action_dispatch/middleware/remote_ip.rb:93:in `call'
actionpack (7.0.4.2) lib/action_dispatch/middleware/request_id.rb:26:in `call'
rack (2.2.6.3) lib/rack/runtime.rb:22:in `call'
activesupport (7.0.4.2) lib/active_support/cache/strategy/local_cache_middleware.rb:29:in `call'
actionpack (7.0.4.2) lib/action_dispatch/middleware/server_timing.rb:61:in `block in call'
actionpack (7.0.4.2) lib/action_dispatch/middleware/server_timing.rb:26:in `collect_events'
actionpack (7.0.4.2) lib/action_dispatch/middleware/server_timing.rb:60:in `call'
actionpack (7.0.4.2) lib/action_dispatch/middleware/executor.rb:14:in `call'
actionpack (7.0.4.2) lib/action_dispatch/middleware/static.rb:23:in `call'
rack (2.2.6.3) lib/rack/sendfile.rb:110:in `call'
actionpack (7.0.4.2) lib/action_dispatch/middleware/host_authorization.rb:137:in `call'
railties (7.0.4.2) lib/rails/engine.rb:530:in `call'
puma (5.6.5) lib/puma/configuration.rb:252:in `call'
puma (5.6.5) lib/puma/request.rb:77:in `block in handle_request'
puma (5.6.5) lib/puma/thread_pool.rb:340:in `with_force_shutdown'
puma (5.6.5) lib/puma/request.rb:76:in `handle_request'
puma (5.6.5) lib/puma/server.rb:443:in `process_client'
puma (5.6.5) lib/puma/thread_pool.rb:147:in `block in spawn_thread'
Started DELETE "/logout" for ::1 at 2023-03-12 11:55:58 +0500
Processing by SessionsController#logout as JSON
Completed 500 Internal Server Error in 8ms (Views: 0.2ms | Allocations: 2107)


Started DELETE "/logout" for ::1 at 2023-03-12 11:57:00 +0500
Processing by SessionsController#logout as JSON
Filter chain halted as :authorize_request rendered or redirected
Completed 401 Unauthorized in 2ms (Views: 0.2ms | Allocations: 329)


Started GET "/me" for ::1 at 2023-03-12 11:57:19 +0500
Processing by UsersController#me as JSON
  [1m[36mUser Load (0.1ms)[0m  [1m[34mSELECT "users".* FROM "users" WHERE "users"."id" = ? LIMIT ?[0m  [["id", 1], ["LIMIT", 1]]
  ↳ app/controllers/application_controller.rb:14:in `authorize_request'
Completed 200 OK in 15ms (Views: 0.7ms | ActiveRecord: 1.5ms | Allocations: 6843)


Started GET "/me" for ::1 at 2023-03-12 11:57:20 +0500
Processing by UsersController#me as JSON
  [1m[36mUser Load (0.2ms)[0m  [1m[34mSELECT "users".* FROM "users" WHERE "users"."id" = ? LIMIT ?[0m  [["id", 1], ["LIMIT", 1]]
  ↳ app/controllers/application_controller.rb:14:in `authorize_request'
Completed 200 OK in 3ms (Views: 0.5ms | ActiveRecord: 0.2ms | Allocations: 753)


Started DELETE "/logout" for ::1 at 2023-03-12 11:57:24 +0500
Processing by SessionsController#logout as JSON
  [1m[36mUser Load (0.2ms)[0m  [1m[34mSELECT "users".* FROM "users" WHERE "users"."id" = ? LIMIT ?[0m  [["id", 1], ["LIMIT", 1]]
  ↳ app/controllers/application_controller.rb:14:in `authorize_request'
Completed 500 Internal Server Error in 3ms (Views: 0.2ms | ActiveRecord: 0.2ms | Allocations: 990)


  [1m[36mActiveRecord::SchemaMigration Pluck (0.2ms)[0m  [1m[34mSELECT "schema_migrations"."version" FROM "schema_migrations" ORDER BY "schema_migrations"."version" ASC[0m
Migrating to AddAuthenticationTokenToUsers (20230312065759)
  [1m[36mTRANSACTION (0.1ms)[0m  [1m[36mbegin transaction[0m
  [1m[35m (1.0ms)[0m  [1m[35mALTER TABLE "users" ADD "authentication_token" varchar[0m
  [1m[35m (0.3ms)[0m  [1m[35mCREATE INDEX "index_users_on_authentication_token" ON "users" ("authentication_token")[0m
  [1m[36mActiveRecord::SchemaMigration Create (0.3ms)[0m  [1m[32mINSERT INTO "schema_migrations" ("version") VALUES (?)[0m  [["version", "20230312065759"]]
  [1m[36mTRANSACTION (4.3ms)[0m  [1m[36mcommit transaction[0m
  [1m[36mActiveRecord::InternalMetadata Load (0.2ms)[0m  [1m[34mSELECT "ar_internal_metadata".* FROM "ar_internal_metadata" WHERE "ar_internal_metadata"."key" = ? LIMIT ?[0m  [["key", "environment"], ["LIMIT", 1]]
  [1m[36mActiveRecord::SchemaMigration Pluck (0.2ms)[0m  [1m[34mSELECT "schema_migrations"."version" FROM "schema_migrations" ORDER BY "schema_migrations"."version" ASC[0m
Started POST "/login" for ::1 at 2023-03-12 11:58:35 +0500
  [1m[36mActiveRecord::SchemaMigration Pluck (0.3ms)[0m  [1m[34mSELECT "schema_migrations"."version" FROM "schema_migrations" ORDER BY "schema_migrations"."version" ASC[0m
Processing by SessionsController#login as JSON
  Parameters: {"email"=>"users@example.com", "password"=>"[FILTERED]", "session"=>{"email"=>"users@example.com", "password"=>"[FILTERED]"}}
  [1m[36mUser Load (0.3ms)[0m  [1m[34mSELECT "users".* FROM "users" WHERE "users"."email" = ? LIMIT ?[0m  [["email", "users@example.com"], ["LIMIT", 1]]
  ↳ app/controllers/sessions_controller.rb:7:in `login'
  [1m[36mTRANSACTION (0.1ms)[0m  [1m[36mbegin transaction[0m
  ↳ app/controllers/sessions_controller.rb:11:in `login'
  [1m[36mUser Update (2.6ms)[0m  [1m[33mUPDATE "users" SET "updated_at" = ?, "authentication_token" = ? WHERE "users"."id" = ?[0m  [["updated_at", "2023-03-12 06:58:36.119867"], ["authentication_token", "[FILTERED]"], ["id", 1]]
  ↳ app/controllers/sessions_controller.rb:11:in `login'
  [1m[36mTRANSACTION (2.1ms)[0m  [1m[36mcommit transaction[0m
  ↳ app/controllers/sessions_controller.rb:11:in `login'
Completed 200 OK in 287ms (Views: 3.1ms | ActiveRecord: 5.8ms | Allocations: 12228)


Started GET "/me" for ::1 at 2023-03-12 11:59:08 +0500
Processing by UsersController#me as JSON
  [1m[36mUser Load (0.2ms)[0m  [1m[34mSELECT "users".* FROM "users" WHERE "users"."id" = ? LIMIT ?[0m  [["id", 1], ["LIMIT", 1]]
  ↳ app/controllers/application_controller.rb:14:in `authorize_request'
Completed 200 OK in 5ms (Views: 0.4ms | ActiveRecord: 0.2ms | Allocations: 1108)


Started DELETE "/logout" for ::1 at 2023-03-12 11:59:12 +0500
Processing by SessionsController#logout as JSON
Completed 422 Unprocessable Entity in 0ms (Views: 0.2ms | ActiveRecord: 0.0ms | Allocations: 91)


Started DELETE "/logout" for ::1 at 2023-03-12 11:59:19 +0500
Processing by SessionsController#logout as JSON
Completed 422 Unprocessable Entity in 0ms (Views: 0.1ms | ActiveRecord: 0.0ms | Allocations: 90)


Started DELETE "/logout" for ::1 at 2023-03-12 11:59:19 +0500
Processing by SessionsController#logout as JSON
Completed 422 Unprocessable Entity in 0ms (Views: 0.1ms | ActiveRecord: 0.0ms | Allocations: 88)


Started DELETE "/logout" for ::1 at 2023-03-12 11:59:50 +0500
Processing by SessionsController#logout as JSON
  [1m[36mUser Load (0.1ms)[0m  [1m[34mSELECT "users".* FROM "users" WHERE "users"."id" = ? LIMIT ?[0m  [["id", 1], ["LIMIT", 1]]
  ↳ app/controllers/application_controller.rb:14:in `authorize_request'
  [1m[36mTRANSACTION (0.1ms)[0m  [1m[36mbegin transaction[0m
  ↳ app/controllers/sessions_controller.rb:19:in `logout'
  [1m[36mUser Update (1.8ms)[0m  [1m[33mUPDATE "users" SET "updated_at" = ?, "authentication_token" = ? WHERE "users"."id" = ?[0m  [["updated_at", "2023-03-12 06:59:52.102422"], ["authentication_token", "[FILTERED]"], ["id", 1]]
  ↳ app/controllers/sessions_controller.rb:19:in `logout'
  [1m[36mTRANSACTION (1.8ms)[0m  [1m[36mcommit transaction[0m
  ↳ app/controllers/sessions_controller.rb:19:in `logout'
Completed 200 OK in 19ms (Views: 0.2ms | ActiveRecord: 5.3ms | Allocations: 5563)


Started GET "/me" for ::1 at 2023-03-12 11:59:55 +0500
Processing by UsersController#me as JSON
  [1m[36mUser Load (0.2ms)[0m  [1m[34mSELECT "users".* FROM "users" WHERE "users"."id" = ? LIMIT ?[0m  [["id", 1], ["LIMIT", 1]]
  ↳ app/controllers/application_controller.rb:14:in `authorize_request'
Completed 200 OK in 3ms (Views: 0.5ms | ActiveRecord: 0.2ms | Allocations: 855)


Started GET "/me" for ::1 at 2023-03-12 11:59:57 +0500
Processing by UsersController#me as JSON
  [1m[36mUser Load (0.2ms)[0m  [1m[34mSELECT "users".* FROM "users" WHERE "users"."id" = ? LIMIT ?[0m  [["id", 1], ["LIMIT", 1]]
  ↳ app/controllers/application_controller.rb:14:in `authorize_request'
Completed 200 OK in 3ms (Views: 0.6ms | ActiveRecord: 0.2ms | Allocations: 754)


Started GET "/me" for ::1 at 2023-03-12 11:59:57 +0500
Processing by UsersController#me as JSON
  [1m[36mUser Load (0.2ms)[0m  [1m[34mSELECT "users".* FROM "users" WHERE "users"."id" = ? LIMIT ?[0m  [["id", 1], ["LIMIT", 1]]
  ↳ app/controllers/application_controller.rb:14:in `authorize_request'
Completed 200 OK in 4ms (Views: 0.5ms | ActiveRecord: 0.2ms | Allocations: 743)


Started GET "/me" for ::1 at 2023-03-12 11:59:58 +0500
Processing by UsersController#me as JSON
  [1m[36mUser Load (0.2ms)[0m  [1m[34mSELECT "users".* FROM "users" WHERE "users"."id" = ? LIMIT ?[0m  [["id", 1], ["LIMIT", 1]]
  ↳ app/controllers/application_controller.rb:14:in `authorize_request'
Completed 200 OK in 3ms (Views: 0.9ms | ActiveRecord: 0.2ms | Allocations: 756)


Started GET "/me" for ::1 at 2023-03-12 11:59:59 +0500
Processing by UsersController#me as JSON
  [1m[36mUser Load (0.2ms)[0m  [1m[34mSELECT "users".* FROM "users" WHERE "users"."id" = ? LIMIT ?[0m  [["id", 1], ["LIMIT", 1]]
  ↳ app/controllers/application_controller.rb:14:in `authorize_request'
Completed 200 OK in 3ms (Views: 0.6ms | ActiveRecord: 0.2ms | Allocations: 743)


Started GET "/me" for ::1 at 2023-03-12 12:00:00 +0500
Processing by UsersController#me as JSON
  [1m[36mUser Load (0.2ms)[0m  [1m[34mSELECT "users".* FROM "users" WHERE "users"."id" = ? LIMIT ?[0m  [["id", 1], ["LIMIT", 1]]
  ↳ app/controllers/application_controller.rb:14:in `authorize_request'
Completed 200 OK in 4ms (Views: 0.7ms | ActiveRecord: 0.2ms | Allocations: 743)


Started GET "/me" for ::1 at 2023-03-12 12:00:01 +0500
Processing by UsersController#me as JSON
  [1m[36mUser Load (0.2ms)[0m  [1m[34mSELECT "users".* FROM "users" WHERE "users"."id" = ? LIMIT ?[0m  [["id", 1], ["LIMIT", 1]]
  ↳ app/controllers/application_controller.rb:14:in `authorize_request'
Completed 200 OK in 2ms (Views: 0.5ms | ActiveRecord: 0.2ms | Allocations: 743)


Started GET "/me" for ::1 at 2023-03-12 12:00:01 +0500
Processing by UsersController#me as JSON
  [1m[36mUser Load (0.5ms)[0m  [1m[34mSELECT "users".* FROM "users" WHERE "users"."id" = ? LIMIT ?[0m  [["id", 1], ["LIMIT", 1]]
  ↳ app/controllers/application_controller.rb:14:in `authorize_request'
Completed 200 OK in 4ms (Views: 0.5ms | ActiveRecord: 0.5ms | Allocations: 743)


Started GET "/me" for ::1 at 2023-03-12 12:00:02 +0500
Processing by UsersController#me as JSON
  [1m[36mUser Load (0.4ms)[0m  [1m[34mSELECT "users".* FROM "users" WHERE "users"."id" = ? LIMIT ?[0m  [["id", 1], ["LIMIT", 1]]
  ↳ app/controllers/application_controller.rb:14:in `authorize_request'
Completed 200 OK in 7ms (Views: 1.6ms | ActiveRecord: 0.4ms | Allocations: 743)


Started GET "/me" for ::1 at 2023-03-12 12:00:03 +0500
Processing by UsersController#me as JSON
  [1m[36mUser Load (0.2ms)[0m  [1m[34mSELECT "users".* FROM "users" WHERE "users"."id" = ? LIMIT ?[0m  [["id", 1], ["LIMIT", 1]]
  ↳ app/controllers/application_controller.rb:14:in `authorize_request'
Completed 200 OK in 3ms (Views: 0.4ms | ActiveRecord: 0.2ms | Allocations: 743)


Started POST "/login" for ::1 at 2023-03-12 12:00:28 +0500
Processing by SessionsController#login as JSON
  Parameters: {"email"=>"users@example.com", "password"=>"[FILTERED]", "session"=>{"email"=>"users@example.com", "password"=>"[FILTERED]"}}
  [1m[36mUser Load (0.2ms)[0m  [1m[34mSELECT "users".* FROM "users" WHERE "users"."email" = ? LIMIT ?[0m  [["email", "users@example.com"], ["LIMIT", 1]]
  ↳ app/controllers/sessions_controller.rb:4:in `login'
Completed 200 OK in 241ms (Views: 0.9ms | ActiveRecord: 1.1ms | Allocations: 3707)


Started GET "/me" for ::1 at 2023-03-12 12:00:39 +0500
Processing by UsersController#me as JSON
  [1m[36mUser Load (0.2ms)[0m  [1m[34mSELECT "users".* FROM "users" WHERE "users"."id" = ? LIMIT ?[0m  [["id", 1], ["LIMIT", 1]]
  ↳ app/controllers/application_controller.rb:14:in `authorize_request'
Completed 200 OK in 3ms (Views: 0.5ms | ActiveRecord: 0.2ms | Allocations: 959)


  [1m[36mActiveRecord::SchemaMigration Pluck (0.2ms)[0m  [1m[34mSELECT "schema_migrations"."version" FROM "schema_migrations" ORDER BY "schema_migrations"."version" ASC[0m
Migrating to CreateKarates (20230312072247)
  [1m[36mTRANSACTION (0.1ms)[0m  [1m[36mbegin transaction[0m
  [1m[35m (1.2ms)[0m  [1m[35mCREATE TABLE "karates" ("id" integer PRIMARY KEY AUTOINCREMENT NOT NULL, "name" varchar, "second_name" varchar, "country" varchar, "activity" varchar, "created_at" datetime(6) NOT NULL, "updated_at" datetime(6) NOT NULL)[0m
  [1m[36mActiveRecord::SchemaMigration Create (0.2ms)[0m  [1m[32mINSERT INTO "schema_migrations" ("version") VALUES (?)[0m  [["version", "20230312072247"]]
  [1m[36mTRANSACTION (2.0ms)[0m  [1m[36mcommit transaction[0m
  [1m[36mActiveRecord::InternalMetadata Load (0.6ms)[0m  [1m[34mSELECT "ar_internal_metadata".* FROM "ar_internal_metadata" WHERE "ar_internal_metadata"."key" = ? LIMIT ?[0m  [["key", "environment"], ["LIMIT", 1]]
  [1m[36mActiveRecord::SchemaMigration Pluck (0.2ms)[0m  [1m[34mSELECT "schema_migrations"."version" FROM "schema_migrations" ORDER BY "schema_migrations"."version" ASC[0m
  [1m[36mActiveRecord::SchemaMigration Pluck (0.2ms)[0m  [1m[34mSELECT "schema_migrations"."version" FROM "schema_migrations" ORDER BY "schema_migrations"."version" ASC[0m
  [1m[36mTRANSACTION (0.1ms)[0m  [1m[36mbegin transaction[0m
  [1m[36mKarate Create (1.8ms)[0m  [1m[32mINSERT INTO "karates" ("name", "second_name", "country", "activity", "created_at", "updated_at") VALUES (?, ?, ?, ?, ?, ?)[0m  [["name", "Gichin"], ["second_name", "Funakoshi"], ["country", "Japan"], ["activity", "Founder of Karate-do, creator of the Shotokan style"], ["created_at", "2023-03-12 07:28:30.339481"], ["updated_at", "2023-03-12 07:28:30.339481"]]
  [1m[36mTRANSACTION (2.8ms)[0m  [1m[36mcommit transaction[0m
  [1m[36mTRANSACTION (0.1ms)[0m  [1m[36mbegin transaction[0m
  [1m[36mKarate Create (1.3ms)[0m  [1m[32mINSERT INTO "karates" ("name", "second_name", "country", "activity", "created_at", "updated_at") VALUES (?, ?, ?, ?, ?, ?)[0m  [["name", "Masatoshi"], ["second_name", "Nakayama"], ["country", "Japan"], ["activity", "Chief Instructor of the Japan Karate Association (JKA), developer of the Shotokan style"], ["created_at", "2023-03-12 07:28:30.350919"], ["updated_at", "2023-03-12 07:28:30.350919"]]
  [1m[36mTRANSACTION (3.0ms)[0m  [1m[36mcommit transaction[0m
  [1m[36mTRANSACTION (0.1ms)[0m  [1m[36mbegin transaction[0m
  [1m[36mKarate Create (1.9ms)[0m  [1m[32mINSERT INTO "karates" ("name", "second_name", "country", "activity", "created_at", "updated_at") VALUES (?, ?, ?, ?, ?, ?)[0m  [["name", "Hirokazu"], ["second_name", "Kanazawa"], ["country", "Japan"], ["activity", "Founder and President of the Shotokan Karate International Federation (SKIF)"], ["created_at", "2023-03-12 07:28:30.361518"], ["updated_at", "2023-03-12 07:28:30.361518"]]
  [1m[36mTRANSACTION (2.3ms)[0m  [1m[36mcommit transaction[0m
  [1m[36mTRANSACTION (0.1ms)[0m  [1m[36mbegin transaction[0m
  [1m[36mKarate Create (1.3ms)[0m  [1m[32mINSERT INTO "karates" ("name", "second_name", "country", "activity", "created_at", "updated_at") VALUES (?, ?, ?, ?, ?, ?)[0m  [["name", "Hidetaka"], ["second_name", "Nishiyama"], ["country", "Japan"], ["activity", "Founder and President of the International Traditional Karate Federation (ITKF)"], ["created_at", "2023-03-12 07:28:30.371124"], ["updated_at", "2023-03-12 07:28:30.371124"]]
  [1m[36mTRANSACTION (4.0ms)[0m  [1m[36mcommit transaction[0m
  [1m[36mTRANSACTION (0.1ms)[0m  [1m[36mbegin transaction[0m
  [1m[36mKarate Create (1.0ms)[0m  [1m[32mINSERT INTO "karates" ("name", "second_name", "country", "activity", "created_at", "updated_at") VALUES (?, ?, ?, ?, ?, ?)[0m  [["name", "Jhoon"], ["second_name", "Rhee"], ["country", "South Korea"], ["activity", "Pioneer of Taekwondo in the United States, developer of the \"Jhoon Rhee System\" of martial arts"], ["created_at", "2023-03-12 07:28:30.382336"], ["updated_at", "2023-03-12 07:28:30.382336"]]
  [1m[36mTRANSACTION (2.9ms)[0m  [1m[36mcommit transaction[0m
  [1m[36mTRANSACTION (0.2ms)[0m  [1m[36mbegin transaction[0m
  [1m[36mKarate Create (1.2ms)[0m  [1m[32mINSERT INTO "karates" ("name", "second_name", "country", "activity", "created_at", "updated_at") VALUES (?, ?, ?, ?, ?, ?)[0m  [["name", "Chuck"], ["second_name", "Norris"], ["country", "USA"], ["activity", "Famous martial artist and actor, founder of the Chun Kuk Do style of martial arts"], ["created_at", "2023-03-12 07:28:30.391420"], ["updated_at", "2023-03-12 07:28:30.391420"]]
  [1m[36mTRANSACTION (2.3ms)[0m  [1m[36mcommit transaction[0m
  [1m[36mTRANSACTION (0.1ms)[0m  [1m[36mbegin transaction[0m
  [1m[36mKarate Create (1.3ms)[0m  [1m[32mINSERT INTO "karates" ("name", "second_name", "country", "activity", "created_at", "updated_at") VALUES (?, ?, ?, ?, ?, ?)[0m  [["name", "Bruce"], ["second_name", "Lee"], ["country", "Hong Kong/USA"], ["activity", "Legendary martial artist and actor, founder of Jeet Kune Do"], ["created_at", "2023-03-12 07:28:30.401670"], ["updated_at", "2023-03-12 07:28:30.401670"]]
  [1m[36mTRANSACTION (3.5ms)[0m  [1m[36mcommit transaction[0m
  [1m[36mTRANSACTION (0.1ms)[0m  [1m[36mbegin transaction[0m
  [1m[36mKarate Create (1.2ms)[0m  [1m[32mINSERT INTO "karates" ("name", "second_name", "country", "activity", "created_at", "updated_at") VALUES (?, ?, ?, ?, ?, ?)[0m  [["name", "Chojun"], ["second_name", "Miyagi"], ["country", "Japan"], ["activity", "Founder of the Goju-ryu style of karate"], ["created_at", "2023-03-12 07:28:30.411344"], ["updated_at", "2023-03-12 07:28:30.411344"]]
  [1m[36mTRANSACTION (2.2ms)[0m  [1m[36mcommit transaction[0m
  [1m[36mTRANSACTION (0.1ms)[0m  [1m[36mbegin transaction[0m
  [1m[36mKarate Create (1.2ms)[0m  [1m[32mINSERT INTO "karates" ("name", "second_name", "country", "activity", "created_at", "updated_at") VALUES (?, ?, ?, ?, ?, ?)[0m  [["name", "Seiji"], ["second_name", "Nishimura"], ["country", "Japan"], ["activity", "Founder and President of the Japan Karate Shoto Federation (JKS)"], ["created_at", "2023-03-12 07:28:30.420360"], ["updated_at", "2023-03-12 07:28:30.420360"]]
  [1m[36mTRANSACTION (2.3ms)[0m  [1m[36mcommit transaction[0m
  [1m[36mTRANSACTION (0.1ms)[0m  [1m[36mbegin transaction[0m
  [1m[36mKarate Create (1.5ms)[0m  [1m[32mINSERT INTO "karates" ("name", "second_name", "country", "activity", "created_at", "updated_at") VALUES (?, ?, ?, ?, ?, ?)[0m  [["name", "Kenwa"], ["second_name", "Mabuni"], ["country", "Japan"], ["activity", "Founder of the Shito-ryu style of karate"], ["created_at", "2023-03-12 07:28:30.429566"], ["updated_at", "2023-03-12 07:28:30.429566"]]
  [1m[36mTRANSACTION (2.2ms)[0m  [1m[36mcommit transaction[0m
  [1m[36mTRANSACTION (0.1ms)[0m  [1m[36mbegin transaction[0m
  [1m[36mKarate Create (1.0ms)[0m  [1m[32mINSERT INTO "karates" ("name", "second_name", "country", "activity", "created_at", "updated_at") VALUES (?, ?, ?, ?, ?, ?)[0m  [["name", "Tatsuo"], ["second_name", "Shimabuku"], ["country", "Japan"], ["activity", "Founder of the Isshin-ryu style of karate"], ["created_at", "2023-03-12 07:28:30.438297"], ["updated_at", "2023-03-12 07:28:30.438297"]]
  [1m[36mTRANSACTION (2.4ms)[0m  [1m[36mcommit transaction[0m
  [1m[36mTRANSACTION (0.1ms)[0m  [1m[36mbegin transaction[0m
  [1m[36mKarate Create (1.1ms)[0m  [1m[32mINSERT INTO "karates" ("name", "second_name", "country", "activity", "created_at", "updated_at") VALUES (?, ?, ?, ?, ?, ?)[0m  [["name", "Shigeru"], ["second_name", "Egami"], ["country", "Japan"], ["activity", "Founder and President of the Shotokai organization, student of Gichin Funakoshi"], ["created_at", "2023-03-12 07:28:30.456474"], ["updated_at", "2023-03-12 07:28:30.456474"]]
  [1m[36mTRANSACTION (2.3ms)[0m  [1m[36mcommit transaction[0m
  [1m[36mTRANSACTION (0.1ms)[0m  [1m[36mbegin transaction[0m
  [1m[36mKarate Create (1.1ms)[0m  [1m[32mINSERT INTO "karates" ("name", "second_name", "country", "activity", "created_at", "updated_at") VALUES (?, ?, ?, ?, ?, ?)[0m  [["name", "Tetsuhiko"], ["second_name", "Asai"], ["country", "Japan"], ["activity", "Chief Instructor of the JKA, developer of the Asai-ryu style of karate"], ["created_at", "2023-03-12 07:28:30.466312"], ["updated_at", "2023-03-12 07:28:30.466312"]]
  [1m[36mTRANSACTION (2.4ms)[0m  [1m[36mcommit transaction[0m
  [1m[36mTRANSACTION (0.1ms)[0m  [1m[36mbegin transaction[0m
  [1m[36mKarate Create (1.2ms)[0m  [1m[32mINSERT INTO "karates" ("name", "second_name", "country", "activity", "created_at", "updated_at") VALUES (?, ?, ?, ?, ?, ?)[0m  [["name", "Tadashi"], ["second_name", "Nakamura"], ["country", "Japan"], ["activity", "Founder and President of the World Seido Karate Organization"], ["created_at", "2023-03-12 07:28:30.473972"], ["updated_at", "2023-03-12 07:28:30.473972"]]
  [1m[36mTRANSACTION (2.0ms)[0m  [1m[36mcommit transaction[0m
  [1m[36mTRANSACTION (0.1ms)[0m  [1m[36mbegin transaction[0m
  [1m[36mKarate Create (1.1ms)[0m  [1m[32mINSERT INTO "karates" ("name", "second_name", "country", "activity", "created_at", "updated_at") VALUES (?, ?, ?, ?, ?, ?)[0m  [["name", "Kunio"], ["second_name", "Miyake"], ["country", "Japan"], ["activity", "Founder and President of the Japan Karate-do Inoue-ha Shito-ryu Keishin-kai"], ["created_at", "2023-03-12 07:28:30.482983"], ["updated_at", "2023-03-12 07:28:30.482983"]]
  [1m[36mTRANSACTION (2.3ms)[0m  [1m[36mcommit transaction[0m
  [1m[36mTRANSACTION (0.2ms)[0m  [1m[36mbegin transaction[0m
  [1m[36mKarate Create (1.2ms)[0m  [1m[32mINSERT INTO "karates" ("name", "second_name", "country", "activity", "created_at", "updated_at") VALUES (?, ?, ?, ?, ?, ?)[0m  [["name", "Fumio"], ["second_name", "Demura"], ["country", "Japan/USA"], ["activity", "Famous martial artist and actor, developer of the Shito-ryu style of karate in the United States"], ["created_at", "2023-03-12 07:28:30.490984"], ["updated_at", "2023-03-12 07:28:30.490984"]]
  [1m[36mTRANSACTION (2.5ms)[0m  [1m[36mcommit transaction[0m
Started GET "/karates" for ::1 at 2023-03-12 12:29:18 +0500
  [1m[36mActiveRecord::SchemaMigration Pluck (0.7ms)[0m  [1m[34mSELECT "schema_migrations"."version" FROM "schema_migrations" ORDER BY "schema_migrations"."version" ASC[0m
Processing by KaratesController#index as */*
Filter chain halted as :authorize_request rendered or redirected
Completed 401 Unauthorized in 2ms (Views: 0.2ms | ActiveRecord: 0.0ms | Allocations: 285)


Started GET "/karates" for ::1 at 2023-03-12 12:29:48 +0500
Processing by KaratesController#index as */*
  [1m[36mKarate Load (0.2ms)[0m  [1m[34mSELECT "karates".* FROM "karates"[0m
  ↳ app/controllers/karates_controller.rb:9:in `index'
Completed 200 OK in 12ms (Views: 9.2ms | ActiveRecord: 1.1ms | Allocations: 7396)


Started POST "/karates" for ::1 at 2023-03-12 12:30:32 +0500
Processing by KaratesController#create as */*
Filter chain halted as :authorize_request rendered or redirected
Completed 401 Unauthorized in 107ms (Views: 1.6ms | ActiveRecord: 0.0ms | Allocations: 4056)


Started GET "/karates/q" for ::1 at 2023-03-12 12:32:32 +0500
Processing by KaratesController#show as */*
  Parameters: {"id"=>"q"}
  [1m[36mKarate Load (0.2ms)[0m  [1m[34mSELECT "karates".* FROM "karates" WHERE "karates"."id" = ? LIMIT ?[0m  [["id", nil], ["LIMIT", 1]]
  ↳ app/controllers/karates_controller.rb:45:in `set_karate'
Completed 500 Internal Server Error in 5ms (Views: 0.2ms | ActiveRecord: 0.2ms | Allocations: 728)


Started GET "/karates/45" for ::1 at 2023-03-12 12:32:41 +0500
Processing by KaratesController#show as */*
  Parameters: {"id"=>"45"}
  [1m[36mKarate Load (1.5ms)[0m  [1m[34mSELECT "karates".* FROM "karates" WHERE "karates"."id" = ? LIMIT ?[0m  [["id", 45], ["LIMIT", 1]]
  ↳ app/controllers/karates_controller.rb:45:in `set_karate'
Completed 500 Internal Server Error in 5ms (Views: 0.2ms | ActiveRecord: 1.5ms | Allocations: 534)


Started GET "/karates/1" for ::1 at 2023-03-12 12:32:44 +0500
Processing by KaratesController#show as */*
  Parameters: {"id"=>"1"}
  [1m[36mKarate Load (0.2ms)[0m  [1m[34mSELECT "karates".* FROM "karates" WHERE "karates"."id" = ? LIMIT ?[0m  [["id", 1], ["LIMIT", 1]]
  ↳ app/controllers/karates_controller.rb:45:in `set_karate'
Completed 200 OK in 3ms (Views: 1.8ms | ActiveRecord: 0.2ms | Allocations: 686)


